<?xml version="1.0" encoding="UTF-8"?>
<testng-results ignored="0" total="1" passed="1" failed="0" skipped="0">
  <reporter-output>
    <line>
      <![CDATA[Amazon got executed]]>
    </line>
  </reporter-output>
  <suite started-at="2025-02-17T12:43:33 IST" name="Default suite" finished-at="2025-02-17T12:43:52 IST" duration-ms="19089">
    <groups>
      <group name="functional">
        <method signature="Amazon.amazon()[pri:0, instance:ToLearnBatchExecution.Amazon@27ce24aa]" name="amazon" class="ToLearnBatchExecution.Amazon"/>
      </group> <!-- functional -->
    </groups>
    <test started-at="2025-02-17T12:43:33 IST" name="Default test" finished-at="2025-02-17T12:43:52 IST" duration-ms="19089">
      <class name="ToLearnBatchExecution.Amazon">
        <test-method signature="amazon()[pri:0, instance:ToLearnBatchExecution.Amazon@27ce24aa]" started-at="2025-02-17T12:43:33 IST" name="amazon" finished-at="2025-02-17T12:43:52 IST" duration-ms="19027" status="PASS">
          <reporter-output>
            <line>
              <![CDATA[Amazon got executed]]>
            </line>
          </reporter-output>
        </test-method> <!-- amazon -->
      </class> <!-- ToLearnBatchExecution.Amazon -->
    </test> <!-- Default test -->
  </suite> <!-- Default suite -->
</testng-results>
